TN:
SF:src/components/NoLeague.tsx
FN:3,NoLeague
FNF:1
FNH:1
FNDA:2,NoLeague
DA:4,2
LF:1
LH:1
BRF:0
BRH:0
end_of_record
TN:
SF:src/components/PageHeader.tsx
FN:8,PageHeader
FNF:1
FNH:1
FNDA:94,PageHeader
DA:9,94
LF:1
LH:1
BRDA:14,0,0,94
BRDA:14,0,1,0
BRF:2
BRH:1
end_of_record
TN:
SF:src/components/PickDialog.tsx
FN:27,PickDialog
FN:59,(anonymous_1)
FN:77,(anonymous_2)
FN:95,(anonymous_3)
FNF:4
FNH:0
FNDA:0,PickDialog
FNDA:0,(anonymous_1)
FNDA:0,(anonymous_2)
FNDA:0,(anonymous_3)
DA:36,0
DA:60,0
DA:78,0
DA:96,0
LF:4
LH:0
BRDA:40,0,0,0
BRDA:40,0,1,0
BRDA:40,0,2,0
BRDA:40,0,3,0
BRDA:48,1,0,0
BRDA:48,1,1,0
BRDA:49,2,0,0
BRDA:49,2,1,0
BRDA:53,3,0,0
BRDA:53,3,1,0
BRDA:71,4,0,0
BRDA:71,4,1,0
BRDA:89,5,0,0
BRDA:89,5,1,0
BRF:14
BRH:0
end_of_record
TN:
SF:src/components/ScoreTicker.tsx
FN:14,ScoreTicker
FNF:1
FNH:1
FNDA:28,ScoreTicker
DA:15,28
DA:16,28
DA:18,0
DA:19,0
DA:20,0
DA:21,0
DA:23,0
DA:25,0
DA:36,28
DA:38,0
LF:10
LH:3
BRDA:15,0,0,0
BRDA:15,0,1,28
BRDA:16,1,0,28
BRDA:16,1,1,0
BRDA:23,2,0,0
BRDA:23,2,1,0
BRDA:23,3,0,0
BRDA:23,3,1,0
BRDA:32,4,0,0
BRDA:32,4,1,0
BRDA:32,5,0,0
BRDA:32,5,1,0
BRDA:33,6,0,0
BRDA:33,6,1,0
BRDA:33,7,0,0
BRDA:33,7,1,0
BRDA:36,8,0,0
BRDA:36,8,1,28
BRF:18
BRH:3
end_of_record
TN:
SF:src/components/SpreadRelease.tsx
FN:5,formatCountdown
FN:12,(anonymous_1)
FN:17,SpreadRelease
FN:22,(anonymous_3)
FN:23,(anonymous_4)
FN:32,(anonymous_5)
FN:34,(anonymous_6)
FN:37,(anonymous_7)
FN:44,(anonymous_8)
FN:47,(anonymous_9)
FN:49,(anonymous_10)
FN:50,(anonymous_11)
FNF:12
FNH:8
FNDA:0,formatCountdown
FNDA:0,(anonymous_1)
FNDA:5,SpreadRelease
FNDA:2,(anonymous_3)
FNDA:2,(anonymous_4)
FNDA:2,(anonymous_5)
FNDA:2,(anonymous_6)
FNDA:0,(anonymous_7)
FNDA:0,(anonymous_8)
FNDA:2,(anonymous_9)
FNDA:2,(anonymous_10)
FNDA:2,(anonymous_11)
DA:6,0
DA:7,0
DA:8,0
DA:9,0
DA:10,0
DA:11,0
DA:12,0
DA:13,0
DA:14,0
DA:18,5
DA:19,5
DA:20,5
DA:22,5
DA:23,2
DA:24,2
DA:25,2
DA:26,2
DA:27,2
DA:29,2
DA:32,5
DA:34,5
DA:35,2
DA:37,0
DA:38,0
DA:39,0
DA:42,0
DA:43,0
DA:44,0
DA:47,5
DA:48,2
DA:49,2
DA:50,2
DA:53,5
DA:55,3
DA:56,3
DA:68,0
LF:36
LH:20
BRDA:6,0,0,0
BRDA:6,0,1,0
BRDA:14,1,0,0
BRDA:14,1,1,0
BRDA:26,2,0,2
BRDA:26,2,1,2
BRDA:32,3,0,0
BRDA:32,3,1,2
BRDA:35,4,0,2
BRDA:35,4,1,0
BRDA:48,5,0,0
BRDA:48,5,1,2
BRDA:53,6,0,2
BRDA:53,6,1,3
BRDA:55,7,0,3
BRDA:55,7,1,0
BRDA:85,8,0,0
BRDA:85,8,1,0
BRF:18
BRH:8
end_of_record
TN:
SF:src/components/UserPicksMatrix.tsx
FN:24,UserPicksMatrix
FN:25,(anonymous_1)
FN:25,(anonymous_2)
FN:27,(anonymous_3)
FN:41,(anonymous_4)
FN:47,(anonymous_5)
FN:54,(anonymous_6)
FNF:7
FNH:2
FNDA:1,UserPicksMatrix
FNDA:0,(anonymous_1)
FNDA:0,(anonymous_2)
FNDA:0,(anonymous_3)
FNDA:4,(anonymous_4)
FNDA:0,(anonymous_5)
FNDA:0,(anonymous_6)
DA:25,1
DA:27,1
DA:28,0
DA:29,0
DA:30,0
DA:31,0
DA:32,0
DA:35,1
DA:42,4
DA:48,0
DA:49,0
DA:55,0
DA:56,0
DA:57,0
DA:63,0
DA:64,0
DA:66,0
LF:17
LH:4
BRDA:29,0,0,0
BRDA:29,0,1,0
BRDA:30,1,0,0
BRDA:30,1,1,0
BRDA:31,2,0,0
BRDA:31,2,1,0
BRDA:56,3,0,0
BRDA:56,3,1,0
BRDA:64,4,0,0
BRDA:64,4,1,0
BRDA:64,5,0,0
BRDA:64,5,1,0
BRDA:80,6,0,0
BRDA:80,6,1,0
BRDA:84,7,0,0
BRDA:84,7,1,0
BRDA:87,8,0,0
BRDA:87,8,1,0
BRDA:91,9,0,0
BRDA:91,9,1,0
BRDA:101,10,0,0
BRDA:101,10,1,0
BRDA:108,11,0,0
BRDA:108,11,1,0
BRF:24
BRH:0
end_of_record
TN:
SF:src/components/WeatherIcon.tsx
FN:11,WeatherIcon
FNF:1
FNH:0
FNDA:0,WeatherIcon
DA:12,0
DA:14,0
DA:15,0
DA:16,0
DA:17,0
DA:19,0
LF:6
LH:0
BRDA:11,0,0,0
BRDA:12,1,0,0
BRDA:12,1,1,0
BRDA:22,2,0,0
BRDA:22,2,1,0
BRDA:22,2,2,0
BRF:6
BRH:0
end_of_record
TN:
SF:src/components/WeekYearSelector.tsx
FN:21,WeekYearSelector
FN:34,(anonymous_1)
FN:34,(anonymous_2)
FN:37,(anonymous_3)
FN:39,(anonymous_4)
FN:41,(anonymous_5)
FN:43,(anonymous_6)
FN:52,(anonymous_7)
FN:60,(anonymous_8)
FN:72,(anonymous_9)
FN:84,(anonymous_10)
FN:89,(anonymous_11)
FN:89,(anonymous_12)
FN:120,(anonymous_13)
FN:124,(anonymous_14)
FN:133,(anonymous_15)
FN:137,(anonymous_16)
FN:145,(anonymous_17)
FNF:18
FNH:12
FNDA:51,WeekYearSelector
FNDA:36,(anonymous_1)
FNDA:648,(anonymous_2)
FNDA:36,(anonymous_3)
FNDA:612,(anonymous_4)
FNDA:36,(anonymous_5)
FNDA:144,(anonymous_6)
FNDA:51,(anonymous_7)
FNDA:0,(anonymous_8)
FNDA:0,(anonymous_9)
FNDA:0,(anonymous_10)
FNDA:36,(anonymous_11)
FNDA:252,(anonymous_12)
FNDA:0,(anonymous_13)
FNDA:357,(anonymous_14)
FNDA:0,(anonymous_15)
FNDA:680,(anonymous_16)
FNDA:0,(anonymous_17)
DA:34,648
DA:37,51
DA:38,36
DA:39,612
DA:41,51
DA:42,36
DA:43,144
DA:46,51
DA:47,51
DA:48,51
DA:50,51
DA:52,51
DA:53,51
DA:54,51
DA:55,0
DA:58,51
DA:60,51
DA:61,0
DA:62,0
DA:63,0
DA:65,0
DA:66,0
DA:67,0
DA:68,0
DA:72,51
DA:73,0
DA:74,0
DA:75,0
DA:77,0
DA:78,0
DA:79,0
DA:80,0
DA:84,51
DA:85,0
DA:88,51
DA:89,252
DA:93,51
DA:120,0
DA:125,357
DA:133,0
DA:138,680
DA:145,0
LF:42
LH:23
BRDA:30,0,0,51
BRDA:31,1,0,51
BRDA:32,2,0,51
BRDA:38,3,0,0
BRDA:38,3,1,36
BRDA:42,4,0,0
BRDA:42,4,1,36
BRDA:46,5,0,17
BRDA:46,5,1,34
BRDA:47,6,0,51
BRDA:47,6,1,0
BRDA:48,7,0,51
BRDA:48,7,1,0
BRDA:53,8,0,0
BRDA:53,8,1,51
BRDA:54,9,0,51
BRDA:54,9,1,0
BRDA:61,10,0,0
BRDA:61,10,1,0
BRDA:65,11,0,0
BRDA:65,11,1,0
BRDA:67,12,0,0
BRDA:67,12,1,0
BRDA:73,13,0,0
BRDA:73,13,1,0
BRDA:77,14,0,0
BRDA:77,14,1,0
BRDA:79,15,0,0
BRDA:79,15,1,0
BRDA:112,16,0,51
BRDA:112,16,1,0
BRDA:112,16,2,0
BRDA:144,17,0,17
BRDA:144,17,1,34
BRDA:159,18,0,51
BRDA:159,18,1,0
BRDA:159,18,2,0
BRF:37
BRH:15
end_of_record
TN:
SF:src/pages/LeaderboardPage.tsx
FN:24,LeaderboardPage
FN:30,(anonymous_1)
FN:36,(anonymous_2)
FN:42,(anonymous_3)
FN:43,(anonymous_4)
FN:62,(anonymous_5)
FN:64,(anonymous_6)
FN:64,(anonymous_7)
FN:67,(anonymous_8)
FN:73,(anonymous_9)
FN:102,(anonymous_10)
FN:140,(anonymous_11)
FN:146,(anonymous_12)
FN:153,(anonymous_13)
FNF:14
FNH:13
FNDA:4,LeaderboardPage
FNDA:1,(anonymous_1)
FNDA:0,(anonymous_2)
FNDA:2,(anonymous_3)
FNDA:2,(anonymous_4)
FNDA:3,(anonymous_5)
FNDA:1,(anonymous_6)
FNDA:2,(anonymous_7)
FNDA:1,(anonymous_8)
FNDA:2,(anonymous_9)
FNDA:1,(anonymous_10)
FNDA:2,(anonymous_11)
FNDA:1,(anonymous_12)
FNDA:2,(anonymous_13)
DA:25,4
DA:26,4
DA:27,4
DA:28,4
DA:30,4
DA:31,1
DA:32,1
DA:33,1
DA:34,1
DA:35,1
DA:36,0
DA:37,0
DA:39,1
DA:42,4
DA:43,2
DA:44,2
DA:45,2
DA:46,1
DA:47,1
DA:49,1
DA:50,1
DA:51,2
DA:52,0
DA:53,0
DA:55,1
DA:56,1
DA:57,2
DA:59,2
DA:62,4
DA:63,3
DA:64,2
DA:67,4
DA:68,1
DA:69,0
DA:70,0
DA:73,4
DA:74,2
DA:76,1
DA:82,0
DA:88,0
DA:94,1
DA:102,4
DA:103,1
DA:104,1
DA:109,4
DA:110,2
DA:120,2
DA:122,1
DA:141,2
DA:147,1
DA:154,2
DA:155,2
DA:156,2
LF:53
LH:45
BRDA:30,0,0,1
BRDA:30,1,0,1
BRDA:33,2,0,1
BRDA:33,2,1,0
BRDA:33,2,2,1
BRDA:35,3,0,1
BRDA:35,3,1,0
BRDA:35,4,0,1
BRDA:35,4,1,1
BRDA:45,5,0,1
BRDA:45,5,1,1
BRDA:51,6,0,0
BRDA:51,6,1,2
BRDA:56,7,0,1
BRDA:56,7,1,0
BRDA:63,8,0,2
BRDA:63,8,1,1
BRDA:68,9,0,1
BRDA:68,9,1,0
BRDA:69,10,0,0
BRDA:69,10,1,0
BRDA:74,11,0,1
BRDA:74,11,1,0
BRDA:74,11,2,0
BRDA:74,11,3,1
BRDA:103,12,0,0
BRDA:103,12,1,1
BRDA:104,13,0,1
BRDA:104,13,1,0
BRDA:109,14,0,2
BRDA:109,14,1,2
BRDA:120,15,0,1
BRDA:120,15,1,1
BRDA:125,16,0,1
BRDA:125,16,1,1
BRF:35
BRH:24
end_of_record
TN:
SF:src/pages/PicksPage.tsx
FN:43,PicksPage
FN:64,(anonymous_1)
FN:68,(anonymous_2)
FN:84,(anonymous_3)
FN:94,(anonymous_4)
FN:120,(anonymous_5)
FN:134,(anonymous_6)
FN:162,(anonymous_7)
FN:174,(anonymous_8)
FN:180,(anonymous_9)
FN:188,(anonymous_10)
FN:194,(anonymous_11)
FN:196,(anonymous_12)
FN:197,(anonymous_13)
FN:206,(anonymous_14)
FN:207,(anonymous_15)
FN:212,(anonymous_16)
FN:215,(anonymous_17)
FN:223,(anonymous_18)
FN:227,(anonymous_19)
FN:233,(anonymous_20)
FN:234,(anonymous_21)
FN:235,(anonymous_22)
FN:236,(anonymous_23)
FN:238,(anonymous_24)
FN:246,(anonymous_25)
FN:258,(anonymous_26)
FN:264,(anonymous_27)
FN:268,(anonymous_28)
FN:271,(anonymous_29)
FN:275,(anonymous_30)
FN:282,(anonymous_31)
FN:284,(anonymous_32)
FN:287,(anonymous_33)
FN:291,(anonymous_34)
FN:322,(anonymous_35)
FN:361,(anonymous_36)
FN:361,(anonymous_37)
FN:386,(anonymous_38)
FN:388,(anonymous_39)
FN:389,(anonymous_40)
FN:422,(anonymous_41)
FN:432,(anonymous_42)
FN:475,(anonymous_43)
FN:485,(anonymous_44)
FN:513,(anonymous_45)
FN:524,(anonymous_46)
FNF:47
FNH:35
FNDA:60,PicksPage
FNDA:306,(anonymous_1)
FNDA:22,(anonymous_2)
FNDA:23,(anonymous_3)
FNDA:0,(anonymous_4)
FNDA:0,(anonymous_5)
FNDA:24,(anonymous_6)
FNDA:15,(anonymous_7)
FNDA:0,(anonymous_8)
FNDA:0,(anonymous_9)
FNDA:0,(anonymous_10)
FNDA:46,(anonymous_11)
FNDA:46,(anonymous_12)
FNDA:46,(anonymous_13)
FNDA:23,(anonymous_14)
FNDA:0,(anonymous_15)
FNDA:23,(anonymous_16)
FNDA:23,(anonymous_17)
FNDA:0,(anonymous_18)
FNDA:23,(anonymous_19)
FNDA:46,(anonymous_20)
FNDA:32,(anonymous_21)
FNDA:32,(anonymous_22)
FNDA:155,(anonymous_23)
FNDA:280,(anonymous_24)
FNDA:291,(anonymous_25)
FNDA:280,(anonymous_26)
FNDA:10,(anonymous_27)
FNDA:10,(anonymous_28)
FNDA:1,(anonymous_29)
FNDA:1,(anonymous_30)
FNDA:1,(anonymous_31)
FNDA:155,(anonymous_32)
FNDA:1,(anonymous_33)
FNDA:1,(anonymous_34)
FNDA:140,(anonymous_35)
FNDA:0,(anonymous_36)
FNDA:0,(anonymous_37)
FNDA:70,(anonymous_38)
FNDA:0,(anonymous_39)
FNDA:70,(anonymous_40)
FNDA:1,(anonymous_41)
FNDA:7,(anonymous_42)
FNDA:0,(anonymous_43)
FNDA:0,(anonymous_44)
FNDA:2,(anonymous_45)
FNDA:1,(anonymous_46)
DA:44,60
DA:45,60
DA:46,60
DA:48,60
DA:49,60
DA:50,60
DA:51,60
DA:52,60
DA:53,60
DA:54,60
DA:55,60
DA:56,60
DA:57,60
DA:58,60
DA:59,60
DA:60,60
DA:61,60
DA:62,60
DA:64,60
DA:65,306
DA:67,60
DA:69,22
DA:70,22
DA:71,44
DA:72,44
DA:73,44
DA:74,44
DA:75,44
DA:78,22
DA:79,22
DA:84,60
DA:85,23
DA:86,23
DA:87,23
DA:89,0
DA:93,60
DA:95,0
DA:97,0
DA:98,0
DA:99,0
DA:100,0
DA:101,0
DA:104,0
DA:105,0
DA:106,0
DA:107,0
DA:109,0
DA:110,0
DA:111,0
DA:114,0
DA:116,0
DA:120,0
DA:121,0
DA:123,0
DA:124,0
DA:127,0
DA:129,0
DA:134,60
DA:135,24
DA:137,24
DA:138,24
DA:139,0
DA:140,0
DA:141,0
DA:144,24
DA:145,24
DA:146,24
DA:147,24
DA:148,24
DA:149,24
DA:151,24
DA:152,1
DA:153,1
DA:156,23
DA:157,23
DA:158,23
DA:162,23
DA:163,23
DA:165,23
DA:166,22
DA:169,23
DA:171,23
DA:174,60
DA:175,0
DA:176,0
DA:177,0
DA:180,60
DA:181,0
DA:182,0
DA:183,0
DA:184,0
DA:185,0
DA:188,60
DA:189,0
DA:190,0
DA:191,0
DA:194,60
DA:195,46
DA:196,23
DA:197,46
DA:198,46
DA:199,46
DA:206,60
DA:207,23
DA:208,0
DA:211,23
DA:212,23
DA:215,60
DA:216,23
DA:217,0
DA:220,23
DA:222,23
DA:223,23
DA:224,0
DA:227,23
DA:230,60
DA:231,60
DA:233,60
DA:234,60
DA:235,60
DA:236,155
DA:238,60
DA:239,280
DA:240,280
DA:241,280
DA:242,140
DA:243,70
DA:246,291
DA:258,60
DA:259,280
DA:260,280
DA:261,280
DA:264,60
DA:265,10
DA:266,10
DA:267,10
DA:268,10
DA:271,60
DA:272,1
DA:273,1
DA:274,1
DA:275,1
DA:276,1
DA:277,1
DA:278,1
DA:282,60
DA:284,155
DA:287,60
DA:288,1
DA:289,1
DA:290,1
DA:291,1
DA:292,1
DA:293,1
DA:306,1
DA:307,0
DA:308,0
DA:311,1
DA:312,1
DA:313,1
DA:314,1
DA:316,0
DA:318,1
DA:322,60
DA:323,140
DA:324,140
DA:325,140
DA:328,60
DA:329,23
DA:339,37
DA:341,36
DA:343,35
DA:361,0
DA:387,70
DA:388,0
DA:390,70
DA:391,70
DA:392,70
DA:393,70
DA:394,70
DA:395,70
DA:396,70
DA:397,70
DA:399,70
DA:422,1
DA:432,7
DA:475,0
DA:485,0
DA:514,2
DA:525,1
LF:190
LH:144
BRDA:70,0,0,22
BRDA:70,0,1,0
BRDA:79,1,0,22
BRDA:79,1,1,0
BRDA:87,2,0,23
BRDA:87,2,1,0
BRDA:98,3,0,0
BRDA:98,3,1,0
BRDA:98,4,0,0
BRDA:98,4,1,0
BRDA:109,5,0,0
BRDA:109,5,1,0
BRDA:117,6,0,0
BRDA:117,6,1,0
BRDA:123,7,0,0
BRDA:123,7,1,0
BRDA:138,8,0,0
BRDA:138,8,1,24
BRDA:138,9,0,24
BRDA:138,9,1,24
BRDA:151,10,0,1
BRDA:151,10,1,23
BRDA:159,11,0,23
BRDA:159,11,1,0
BRDA:165,12,0,22
BRDA:165,12,1,1
BRDA:181,13,0,0
BRDA:181,13,1,0
BRDA:195,14,0,23
BRDA:195,14,1,23
BRDA:198,15,0,46
BRDA:198,15,1,0
BRDA:199,16,0,46
BRDA:199,16,1,46
BRDA:199,16,2,46
BRDA:216,17,0,0
BRDA:216,17,1,23
BRDA:216,18,0,23
BRDA:216,18,1,23
BRDA:222,19,0,0
BRDA:222,19,1,23
BRDA:233,20,0,46
BRDA:233,20,1,44
BRDA:235,21,0,32
BRDA:235,21,1,31
BRDA:236,22,0,155
BRDA:236,22,1,153
BRDA:238,23,0,280
BRDA:240,24,0,0
BRDA:240,24,1,280
BRDA:241,25,0,140
BRDA:241,25,1,140
BRDA:242,26,0,70
BRDA:242,26,1,70
BRDA:248,27,0,291
BRDA:248,27,1,0
BRDA:250,28,0,291
BRDA:250,28,1,0
BRDA:252,29,0,291
BRDA:252,29,1,0
BRDA:253,30,0,291
BRDA:253,30,1,0
BRDA:258,31,0,280
BRDA:261,32,0,280
BRDA:261,32,1,266
BRDA:264,33,0,10
BRDA:265,34,0,0
BRDA:265,34,1,10
BRDA:271,35,0,1
BRDA:272,36,0,0
BRDA:272,36,1,1
BRDA:284,37,0,155
BRDA:284,37,1,155
BRDA:284,37,2,153
BRDA:288,38,0,0
BRDA:288,38,1,1
BRDA:288,39,0,1
BRDA:288,39,1,1
BRDA:288,39,2,1
BRDA:297,40,0,1
BRDA:297,40,1,0
BRDA:306,41,0,0
BRDA:306,41,1,1
BRDA:323,42,0,70
BRDA:323,42,1,70
BRDA:324,43,0,0
BRDA:324,43,1,140
BRDA:324,44,0,140
BRDA:324,44,1,0
BRDA:325,45,0,70
BRDA:325,45,1,70
BRDA:328,46,0,23
BRDA:328,46,1,37
BRDA:339,47,0,1
BRDA:339,47,1,36
BRDA:341,48,0,1
BRDA:341,48,1,35
BRDA:346,49,0,35
BRDA:346,49,1,35
BRDA:359,50,0,60
BRDA:359,50,1,0
BRDA:362,51,0,0
BRDA:362,51,1,0
BRDA:367,52,0,60
BRDA:367,52,1,32
BRDA:369,53,0,32
BRDA:369,53,1,32
BRDA:372,54,0,32
BRDA:372,54,1,0
BRDA:377,55,0,1
BRDA:377,55,1,31
BRDA:406,56,0,70
BRDA:406,56,1,0
BRDA:412,57,0,70
BRDA:412,57,1,46
BRDA:415,58,0,24
BRDA:415,58,1,46
BRDA:416,59,0,70
BRDA:416,59,1,0
BRDA:418,60,0,12
BRDA:418,60,1,58
BRDA:442,61,0,70
BRDA:442,61,1,0
BRDA:459,62,0,70
BRDA:459,62,1,0
BRDA:465,63,0,70
BRDA:465,63,1,46
BRDA:468,64,0,24
BRDA:468,64,1,46
BRDA:469,65,0,70
BRDA:469,65,1,0
BRDA:471,66,0,21
BRDA:471,66,1,49
BRDA:494,67,0,70
BRDA:494,67,1,24
BRDA:505,68,0,24
BRDA:505,68,1,0
BRDA:510,69,0,3
BRDA:510,69,1,21
BRDA:512,70,0,24
BRDA:512,70,1,0
BRDA:514,71,0,0
BRDA:514,71,1,2
BRDA:517,72,0,3
BRDA:517,72,1,21
BRDA:521,73,0,1
BRDA:521,73,1,23
BRDA:523,74,0,24
BRDA:523,74,1,0
BRDA:525,75,0,0
BRDA:525,75,1,1
BRDA:528,76,0,1
BRDA:528,76,1,23
BRDA:535,77,0,24
BRDA:535,77,1,0
BRF:155
BRH:108
end_of_record
TN:
SF:src/pages/ScoresPage.tsx
FN:52,ScoresPage
FN:77,(anonymous_1)
FN:83,(anonymous_2)
FN:90,(anonymous_3)
FN:115,(anonymous_4)
FN:149,(anonymous_5)
FN:184,(anonymous_6)
FN:190,(anonymous_7)
FN:196,(anonymous_8)
FN:203,(anonymous_9)
FN:205,(anonymous_10)
FN:206,(anonymous_11)
FN:216,(anonymous_12)
FN:221,(anonymous_13)
FN:222,(anonymous_14)
FN:227,(anonymous_15)
FN:231,(anonymous_16)
FN:246,(anonymous_17)
FN:250,(anonymous_18)
FN:256,(anonymous_19)
FN:264,(anonymous_20)
FN:271,(anonymous_21)
FN:278,(anonymous_22)
FN:280,(anonymous_23)
FN:283,(anonymous_24)
FN:290,(anonymous_25)
FN:295,(anonymous_26)
FN:298,(anonymous_27)
FN:302,(anonymous_28)
FN:305,(anonymous_29)
FN:307,(anonymous_30)
FN:310,(anonymous_31)
FN:310,(anonymous_32)
FN:312,(anonymous_33)
FN:320,(anonymous_34)
FN:327,(anonymous_35)
FN:342,(anonymous_36)
FN:343,(anonymous_37)
FN:343,(anonymous_38)
FN:393,(anonymous_39)
FN:393,(anonymous_40)
FN:397,(anonymous_41)
FN:397,(anonymous_42)
FN:413,(anonymous_43)
FN:413,(anonymous_44)
FN:422,(anonymous_45)
FN:423,(anonymous_46)
FN:425,(anonymous_47)
FN:426,(anonymous_48)
FN:473,(anonymous_49)
FN:499,(anonymous_50)
FN:519,(anonymous_51)
FN:539,(anonymous_52)
FN:573,(anonymous_53)
FNF:54
FNH:31
FNDA:51,ScoresPage
FNDA:16,(anonymous_1)
FNDA:0,(anonymous_2)
FNDA:15,(anonymous_3)
FNDA:0,(anonymous_4)
FNDA:17,(anonymous_5)
FNDA:0,(anonymous_6)
FNDA:0,(anonymous_7)
FNDA:0,(anonymous_8)
FNDA:33,(anonymous_9)
FNDA:32,(anonymous_10)
FNDA:32,(anonymous_11)
FNDA:33,(anonymous_12)
FNDA:17,(anonymous_13)
FNDA:0,(anonymous_14)
FNDA:17,(anonymous_15)
FNDA:17,(anonymous_16)
FNDA:0,(anonymous_17)
FNDA:17,(anonymous_18)
FNDA:636,(anonymous_19)
FNDA:232,(anonymous_20)
FNDA:120,(anonymous_21)
FNDA:320,(anonymous_22)
FNDA:212,(anonymous_23)
FNDA:328,(anonymous_24)
FNDA:320,(anonymous_25)
FNDA:40,(anonymous_26)
FNDA:0,(anonymous_27)
FNDA:0,(anonymous_28)
FNDA:464,(anonymous_29)
FNDA:312,(anonymous_30)
FNDA:33,(anonymous_31)
FNDA:10,(anonymous_32)
FNDA:1,(anonymous_33)
FNDA:0,(anonymous_34)
FNDA:1,(anonymous_35)
FNDA:0,(anonymous_36)
FNDA:0,(anonymous_37)
FNDA:0,(anonymous_38)
FNDA:1,(anonymous_39)
FNDA:1,(anonymous_40)
FNDA:0,(anonymous_41)
FNDA:0,(anonymous_42)
FNDA:0,(anonymous_43)
FNDA:0,(anonymous_44)
FNDA:30,(anonymous_45)
FNDA:60,(anonymous_46)
FNDA:0,(anonymous_47)
FNDA:60,(anonymous_48)
FNDA:0,(anonymous_49)
FNDA:0,(anonymous_50)
FNDA:0,(anonymous_51)
FNDA:0,(anonymous_52)
FNDA:0,(anonymous_53)
DA:53,51
DA:54,51
DA:55,51
DA:56,51
DA:57,51
DA:58,51
DA:59,51
DA:60,51
DA:61,51
DA:62,51
DA:63,51
DA:64,51
DA:65,51
DA:66,51
DA:67,51
DA:68,51
DA:77,51
DA:78,16
DA:79,16
DA:80,16
DA:81,16
DA:82,16
DA:83,0
DA:84,0
DA:86,16
DA:89,51
DA:91,15
DA:92,15
DA:93,15
DA:94,30
DA:95,30
DA:96,30
DA:97,30
DA:98,30
DA:99,30
DA:100,30
DA:103,15
DA:109,15
DA:114,51
DA:116,0
DA:117,0
DA:118,0
DA:121,0
DA:122,0
DA:123,0
DA:124,0
DA:125,0
DA:126,0
DA:129,0
DA:130,0
DA:131,0
DA:132,0
DA:134,0
DA:135,0
DA:137,0
DA:138,0
DA:140,0
DA:141,0
DA:144,0
DA:149,51
DA:150,17
DA:151,1
DA:152,1
DA:155,16
DA:156,16
DA:157,16
DA:158,0
DA:159,0
DA:160,0
DA:163,16
DA:164,16
DA:165,16
DA:166,16
DA:167,16
DA:168,16
DA:170,16
DA:171,16
DA:172,16
DA:174,16
DA:175,16
DA:177,17
DA:178,15
DA:181,16
DA:184,51
DA:185,0
DA:186,0
DA:187,0
DA:190,51
DA:191,0
DA:192,0
DA:193,0
DA:196,51
DA:197,0
DA:198,0
DA:199,0
DA:203,51
DA:204,33
DA:205,16
DA:206,32
DA:207,32
DA:209,32
DA:216,51
DA:217,33
DA:221,51
DA:222,17
DA:223,0
DA:226,17
DA:227,17
DA:231,51
DA:232,17
DA:233,0
DA:236,17
DA:240,17
DA:241,0
DA:243,17
DA:246,17
DA:247,0
DA:250,17
DA:253,51
DA:254,51
DA:256,51
DA:257,636
DA:258,636
DA:259,600
DA:260,148
DA:261,76
DA:264,51
DA:265,232
DA:266,208
DA:267,208
DA:268,196
DA:271,51
DA:272,120
DA:273,112
DA:274,112
DA:275,104
DA:278,51
DA:279,320
DA:280,320
DA:283,51
DA:284,328
DA:285,316
DA:286,316
DA:287,300
DA:290,51
DA:291,320
DA:292,288
DA:295,51
DA:296,40
DA:298,51
DA:299,0
DA:300,0
DA:301,0
DA:302,0
DA:305,51
DA:306,464
DA:307,456
DA:310,51
DA:312,51
DA:313,1
DA:314,1
DA:315,2
DA:316,2
DA:317,2
DA:318,2
DA:319,2
DA:320,2
DA:324,1
DA:327,51
DA:328,1
DA:329,1
DA:330,1
DA:331,2
DA:332,2
DA:333,2
DA:334,2
DA:335,2
DA:336,2
DA:339,1
DA:342,51
DA:343,0
DA:344,0
DA:345,0
DA:355,51
DA:356,17
DA:366,34
DA:367,1
DA:370,33
DA:371,2
DA:374,31
DA:393,1
DA:397,0
DA:413,0
DA:422,30
DA:424,60
DA:425,0
DA:427,60
DA:429,60
DA:430,60
DA:431,60
DA:433,60
DA:473,0
DA:499,0
DA:519,0
DA:539,0
DA:573,0
LF:206
LH:153
BRDA:77,0,0,16
BRDA:77,1,0,16
BRDA:80,2,0,16
BRDA:80,2,1,0
BRDA:80,2,2,16
BRDA:82,3,0,16
BRDA:82,3,1,0
BRDA:82,4,0,16
BRDA:82,4,1,16
BRDA:91,5,0,0
BRDA:91,5,1,15
BRDA:109,6,0,15
BRDA:109,6,1,0
BRDA:116,7,0,0
BRDA:116,7,1,0
BRDA:123,8,0,0
BRDA:123,8,1,0
BRDA:123,9,0,0
BRDA:123,9,1,0
BRDA:138,10,0,0
BRDA:138,10,1,0
BRDA:140,11,0,0
BRDA:140,11,1,0
BRDA:150,12,0,1
BRDA:150,12,1,16
BRDA:157,13,0,0
BRDA:157,13,1,16
BRDA:157,14,0,16
BRDA:157,14,1,16
BRDA:175,15,0,16
BRDA:175,15,1,0
BRDA:177,16,0,15
BRDA:177,16,1,2
BRDA:204,17,0,17
BRDA:204,17,1,16
BRDA:207,18,0,32
BRDA:207,18,1,0
BRDA:209,19,0,32
BRDA:209,19,1,32
BRDA:209,19,2,32
BRDA:232,20,0,0
BRDA:232,20,1,17
BRDA:232,21,0,17
BRDA:232,21,1,17
BRDA:240,22,0,0
BRDA:240,22,1,17
BRDA:253,23,0,51
BRDA:253,23,1,34
BRDA:254,24,0,51
BRDA:254,24,1,34
BRDA:254,24,2,33
BRDA:256,25,0,636
BRDA:258,26,0,36
BRDA:258,26,1,600
BRDA:259,27,0,452
BRDA:259,27,1,148
BRDA:260,28,0,72
BRDA:260,28,1,76
BRDA:264,29,0,232
BRDA:265,30,0,24
BRDA:265,30,1,208
BRDA:267,31,0,12
BRDA:267,31,1,196
BRDA:268,32,0,92
BRDA:268,32,1,104
BRDA:271,33,0,120
BRDA:272,34,0,8
BRDA:272,34,1,112
BRDA:274,35,0,8
BRDA:274,35,1,104
BRDA:275,36,0,52
BRDA:275,36,1,52
BRDA:278,37,0,320
BRDA:279,38,0,0
BRDA:279,38,1,320
BRDA:280,39,0,212
BRDA:280,39,1,64
BRDA:280,39,2,32
BRDA:283,40,0,328
BRDA:284,41,0,12
BRDA:284,41,1,316
BRDA:286,42,0,16
BRDA:286,42,1,300
BRDA:287,43,0,200
BRDA:287,43,1,100
BRDA:290,44,0,320
BRDA:291,45,0,32
BRDA:291,45,1,288
BRDA:296,46,0,40
BRDA:296,46,1,0
BRDA:296,47,0,0
BRDA:296,47,1,0
BRDA:299,48,0,0
BRDA:299,48,1,0
BRDA:302,49,0,0
BRDA:302,49,1,0
BRDA:302,49,2,0
BRDA:305,50,0,464
BRDA:306,51,0,8
BRDA:306,51,1,456
BRDA:306,52,0,464
BRDA:306,52,1,8
BRDA:307,53,0,312
BRDA:307,53,1,102
BRDA:317,54,0,2
BRDA:317,54,1,0
BRDA:320,55,0,0
BRDA:320,55,1,0
BRDA:329,56,0,0
BRDA:329,56,1,1
BRDA:332,57,0,0
BRDA:332,57,1,2
BRDA:335,58,0,2
BRDA:335,58,1,0
BRDA:336,59,0,2
BRDA:336,59,1,0
BRDA:342,60,0,0
BRDA:343,61,0,0
BRDA:343,61,1,0
BRDA:344,62,0,0
BRDA:344,62,1,0
BRDA:349,63,0,0
BRDA:349,63,1,0
BRDA:350,64,0,0
BRDA:350,64,1,0
BRDA:351,65,0,0
BRDA:351,65,1,0
BRDA:355,66,0,17
BRDA:355,66,1,34
BRDA:366,67,0,1
BRDA:366,67,1,33
BRDA:370,68,0,2
BRDA:370,68,1,31
BRDA:377,69,0,31
BRDA:377,69,1,31
BRDA:377,69,2,31
BRDA:377,69,3,31
BRDA:389,70,0,51
BRDA:389,70,1,31
BRDA:391,71,0,31
BRDA:391,71,1,31
BRDA:391,71,2,31
BRDA:394,72,0,1
BRDA:394,72,1,30
BRDA:396,73,0,31
BRDA:396,73,1,30
BRDA:398,74,0,0
BRDA:398,74,1,30
BRDA:404,75,0,1
BRDA:404,75,1,30
BRDA:412,76,0,0
BRDA:412,76,1,1
BRDA:427,77,0,0
BRDA:427,77,1,60
BRDA:427,78,0,60
BRDA:427,78,1,0
BRDA:435,79,0,0
BRDA:435,79,1,60
BRDA:437,80,0,0
BRDA:437,80,1,60
BRDA:442,81,0,60
BRDA:442,81,1,0
BRDA:446,82,0,60
BRDA:446,82,1,60
BRDA:449,83,0,60
BRDA:449,83,1,0
BRDA:459,84,0,60
BRDA:459,84,1,4
BRDA:468,85,0,60
BRDA:468,85,1,56
BRDA:472,86,0,60
BRDA:472,86,1,56
BRDA:485,87,0,60
BRDA:485,87,1,4
BRDA:494,88,0,60
BRDA:494,88,1,56
BRDA:498,89,0,60
BRDA:498,89,1,56
BRDA:506,90,0,60
BRDA:506,90,1,20
BRDA:514,91,0,20
BRDA:514,91,1,20
BRDA:518,92,0,20
BRDA:518,92,1,20
BRDA:525,93,0,20
BRDA:525,93,1,0
BRDA:526,94,0,20
BRDA:526,94,1,0
BRDA:534,95,0,20
BRDA:534,95,1,20
BRDA:538,96,0,20
BRDA:538,96,1,20
BRDA:544,97,0,60
BRDA:544,97,1,4
BRDA:544,97,2,4
BRDA:544,97,3,4
BRDA:544,97,4,56
BRDA:553,98,0,56
BRDA:553,98,1,4
BRDA:554,99,0,56
BRDA:554,99,1,4
BRDA:555,100,0,56
BRDA:555,100,1,4
BRDA:556,101,0,56
BRDA:556,101,1,4
BRDA:570,102,0,51
BRDA:570,102,1,0
BRF:207
BRH:150
end_of_record
TN:
SF:src/services/auth.tsx
FN:17,isValidUserInfo
FN:28,AuthProvider
FN:32,(anonymous_2)
FN:43,(anonymous_3)
FN:48,(anonymous_4)
FN:58,(anonymous_5)
FN:69,(anonymous_6)
FN:76,useAuth
FN:84,RequireAuth
FN:100,RequireAdmin
FNF:10
FNH:7
FNDA:1,isValidUserInfo
FNDA:4,AuthProvider
FNDA:2,(anonymous_2)
FNDA:2,(anonymous_3)
FNDA:0,(anonymous_4)
FNDA:0,(anonymous_5)
FNDA:4,(anonymous_6)
FNDA:4,useAuth
FNDA:4,RequireAuth
FNDA:0,RequireAdmin
DA:15,1
DA:18,1
DA:19,1
DA:20,1
DA:29,4
DA:30,4
DA:32,4
DA:33,2
DA:34,2
DA:35,1
DA:37,1
DA:39,2
DA:43,4
DA:44,2
DA:47,4
DA:49,0
DA:50,0
DA:51,0
DA:53,0
DA:58,4
DA:59,0
DA:60,0
DA:64,0
DA:68,4
DA:69,4
DA:73,4
DA:77,4
DA:78,4
DA:79,0
DA:81,4
DA:85,4
DA:86,4
DA:88,4
DA:89,2
DA:92,2
DA:93,1
DA:94,1
DA:97,1
DA:101,0
DA:102,0
DA:104,0
DA:105,0
DA:108,0
DA:109,0
DA:110,0
DA:113,0
DA:114,0
DA:117,0
LF:48
LH:30
BRDA:18,0,0,0
BRDA:18,0,1,1
BRDA:18,1,0,1
BRDA:18,1,1,1
BRDA:21,2,0,1
BRDA:21,2,1,1
BRDA:21,2,2,1
BRDA:21,2,3,1
BRDA:35,3,0,1
BRDA:35,3,1,0
BRDA:50,4,0,0
BRDA:50,4,1,0
BRDA:78,5,0,0
BRDA:78,5,1,4
BRDA:88,6,0,2
BRDA:88,6,1,2
BRDA:92,7,0,1
BRDA:92,7,1,1
BRDA:104,8,0,0
BRDA:104,8,1,0
BRDA:108,9,0,0
BRDA:108,9,1,0
BRDA:113,10,0,0
BRDA:113,10,1,0
BRF:24
BRH:13
end_of_record
TN:
SF:src/test/fixtures.ts
FN:13,createCompetition
FN:78,createScores
FN:119,createPick
FN:141,createSpreadResponse
FN:145,createSpreadCalculationResponse
FNF:5
FNH:5
FNDA:80,createCompetition
FNDA:40,createScores
FNDA:24,createPick
FNDA:92,createSpreadResponse
FNDA:64,createSpreadCalculationResponse
DA:21,80
DA:23,80
DA:85,40
DA:102,40
DA:128,24
DA:142,92
DA:152,64
LF:7
LH:7
BRDA:16,0,0,80
BRDA:17,1,0,80
BRDA:18,2,0,80
BRDA:19,3,0,80
BRDA:21,4,0,32
BRDA:21,4,1,48
BRDA:45,5,0,32
BRDA:45,5,1,48
BRDA:49,6,0,32
BRDA:49,6,1,48
BRDA:80,7,0,40
BRDA:81,8,0,40
BRDA:83,9,0,40
BRDA:85,10,0,40
BRDA:85,10,1,40
BRDA:88,11,0,13
BRDA:88,11,1,27
BRDA:95,12,0,13
BRDA:95,12,1,27
BRDA:103,13,0,13
BRDA:103,13,1,27
BRDA:121,14,0,24
BRDA:122,15,0,24
BRDA:123,16,0,24
BRDA:124,17,0,24
BRDA:125,18,0,24
BRDA:126,19,0,24
BRDA:142,20,0,92
BRDA:142,20,1,0
BRDA:142,21,0,92
BRDA:142,21,1,0
BRDA:148,22,0,64
BRDA:155,23,0,64
BRDA:155,23,1,0
BRDA:156,24,0,64
BRDA:156,24,1,0
BRF:36
BRH:32
end_of_record
TN:
SF:src/utils/auth.ts
FN:3,isAdmin
FN:5,(anonymous_1)
FNF:2
FNH:0
FNDA:0,isAdmin
FNDA:0,(anonymous_1)
DA:4,0
DA:5,0
DA:6,0
LF:3
LH:0
BRDA:4,0,0,0
BRDA:4,0,1,0
BRDA:6,1,0,0
BRDA:6,1,1,0
BRF:4
BRH:0
end_of_record
TN:
SF:src/utils/gameHelpers.ts
FN:5,getWeekFromEspnWeek
FN:9,getWeekName
FN:25,getEspnRequiredPicks
FN:46,isStatus
FN:51,displayDetails
FN:68,getCompetitionFromHomeAwayAbbr
FN:79,getAwayTeamAbbr
FN:83,getHomeTeamAbbr
FN:87,getAwayTeam
FN:88,(anonymous_9)
FN:93,getHomeTeam
FN:94,(anonymous_11)
FN:99,getAwayTeamLogo
FN:103,getHomeTeamLogo
FN:107,getTeamLogo
FN:111,getTeamScore
FN:118,getHomeTeamScore
FN:122,getAwayTeamScore
FN:126,isGameStarted
FN:130,isGameOver
FN:134,getTeamAbbr
FN:138,getTeamRecord
FN:139,(anonymous_22)
FN:142,getDownDistance
FN:146,isRedZone
FN:150,getPossessionTeamAbbr
FN:153,(anonymous_26)
FN:157,isHalfTime
FN:161,hasPossession
FN:166,shouldShowGamePicks
FN:170,isPostSeason
FN:175,getScoreEvents
FN:179,getPickLabel
FN:183,isHomeAway
FN:190,isRecordType
FNF:35
FNH:32
FNDA:383,getWeekFromEspnWeek
FNDA:731,getWeekName
FNDA:61,getEspnRequiredPicks
FNDA:1777,isStatus
FNDA:130,displayDetails
FNDA:0,getCompetitionFromHomeAwayAbbr
FNDA:408,getAwayTeamAbbr
FNDA:408,getHomeTeamAbbr
FNDA:544,getAwayTeam
FNDA:1088,(anonymous_9)
FNDA:544,getHomeTeam
FNDA:544,(anonymous_11)
FNDA:130,getAwayTeamLogo
FNDA:130,getHomeTeamLogo
FNDA:260,getTeamLogo
FNDA:180,getTeamScore
FNDA:90,getHomeTeamScore
FNDA:90,getAwayTeamScore
FNDA:1391,isGameStarted
FNDA:28,isGameOver
FNDA:816,getTeamAbbr
FNDA:92,getTeamRecord
FNDA:92,(anonymous_22)
FNDA:0,getDownDistance
FNDA:60,isRedZone
FNDA:120,getPossessionTeamAbbr
FNDA:120,(anonymous_26)
FNDA:60,isHalfTime
FNDA:120,hasPossession
FNDA:62,shouldShowGamePicks
FNDA:40,isPostSeason
FNDA:31,getScoreEvents
FNDA:0,getPickLabel
FNDA:1632,isHomeAway
FNDA:92,isRecordType
DA:6,383
DA:10,731
DA:11,85
DA:13,31
DA:15,18
DA:17,18
DA:19,18
DA:21,0
DA:26,61
DA:27,12
DA:30,10
DA:32,1
DA:35,1
DA:37,0
DA:41,2
DA:42,2
DA:43,2
DA:44,2
DA:47,1777
DA:48,1777
DA:52,130
DA:53,130
DA:54,74
DA:60,56
DA:61,56
DA:62,0
DA:64,56
DA:65,0
DA:69,0
DA:70,0
DA:71,0
DA:72,0
DA:76,0
DA:80,408
DA:84,408
DA:88,1088
DA:89,544
DA:90,544
DA:94,544
DA:95,544
DA:96,544
DA:100,130
DA:104,130
DA:108,260
DA:112,180
DA:113,180
DA:114,0
DA:115,0
DA:119,90
DA:123,90
DA:127,1391
DA:131,28
DA:135,816
DA:139,92
DA:143,0
DA:147,60
DA:151,120
DA:152,120
DA:153,120
DA:154,120
DA:158,60
DA:162,120
DA:163,120
DA:167,62
DA:171,40
DA:172,40
DA:176,31
DA:180,0
DA:184,1632
DA:185,0
DA:187,1632
DA:191,92
DA:192,0
DA:193,0
DA:194,0
DA:196,92
LF:76
LH:59
BRDA:5,0,0,383
BRDA:6,1,0,131
BRDA:6,1,1,252
BRDA:9,2,0,731
BRDA:10,3,0,646
BRDA:10,3,1,85
BRDA:11,4,0,85
BRDA:11,4,1,18
BRDA:11,4,2,18
BRDA:11,4,3,18
BRDA:11,4,4,0
BRDA:25,5,0,61
BRDA:26,6,0,49
BRDA:26,6,1,12
BRDA:27,7,0,9
BRDA:27,7,1,10
BRDA:27,7,2,1
BRDA:27,7,3,1
BRDA:27,7,4,1
BRDA:27,7,5,0
BRDA:47,8,0,0
BRDA:47,8,1,1777
BRDA:53,9,0,74
BRDA:53,9,1,56
BRDA:60,10,0,0
BRDA:60,10,1,56
BRDA:61,11,0,0
BRDA:61,11,1,56
BRDA:64,12,0,56
BRDA:64,12,1,0
BRDA:69,13,0,0
BRDA:69,13,1,0
BRDA:71,14,0,0
BRDA:71,14,1,0
BRDA:71,15,0,0
BRDA:71,15,1,0
BRDA:89,16,0,0
BRDA:89,16,1,544
BRDA:95,17,0,0
BRDA:95,17,1,544
BRDA:113,18,0,180
BRDA:113,18,1,0
BRDA:115,19,0,0
BRDA:115,19,1,0
BRDA:135,20,0,816
BRDA:135,20,1,0
BRDA:152,21,0,0
BRDA:152,21,1,120
BRDA:154,22,0,120
BRDA:154,22,1,0
BRDA:167,23,0,62
BRDA:167,23,1,4
BRDA:171,24,0,0
BRDA:171,24,1,40
BRDA:176,25,0,31
BRDA:176,25,1,0
BRDA:180,26,0,0
BRDA:180,26,1,0
BRDA:184,27,0,0
BRDA:184,27,1,1632
BRDA:185,28,0,0
BRDA:185,28,1,0
BRDA:191,29,0,0
BRDA:191,29,1,92
BRDA:192,30,0,0
BRDA:192,30,1,0
BRDA:193,31,0,0
BRDA:193,31,1,0
BRF:68
BRH:36
end_of_record
TN:
SF:src/utils/gameSituationHelper.ts
FN:1,getSituations
FN:43,pointsToText
FNF:2
FNH:0
FNDA:0,getSituations
FNDA:0,pointsToText
DA:11,0
DA:12,0
DA:14,0
DA:15,0
DA:16,0
DA:17,0
DA:18,0
DA:22,0
DA:23,0
DA:24,0
DA:25,0
DA:26,0
DA:30,0
DA:31,0
DA:32,0
DA:35,0
DA:36,0
DA:37,0
DA:40,0
DA:44,0
DA:45,0
DA:46,0
DA:47,0
DA:48,0
LF:24
LH:0
BRDA:14,0,0,0
BRDA:14,0,1,0
BRDA:14,1,0,0
BRDA:14,1,1,0
BRDA:16,2,0,0
BRDA:16,2,1,0
BRDA:22,3,0,0
BRDA:22,3,1,0
BRDA:22,4,0,0
BRDA:22,4,1,0
BRDA:24,5,0,0
BRDA:24,5,1,0
BRDA:30,6,0,0
BRDA:30,6,1,0
BRDA:30,7,0,0
BRDA:30,7,1,0
BRDA:30,7,2,0
BRDA:35,8,0,0
BRDA:35,8,1,0
BRDA:35,9,0,0
BRDA:35,9,1,0
BRDA:35,9,2,0
BRDA:40,10,0,0
BRDA:40,10,1,0
BRDA:44,11,0,0
BRDA:44,11,1,0
BRDA:45,12,0,0
BRDA:45,12,1,0
BRDA:46,13,0,0
BRDA:46,13,1,0
BRDA:47,14,0,0
BRDA:47,14,1,0
BRF:32
BRH:0
end_of_record
TN:
SF:src/utils/time.ts
FN:3,getCstParts
FN:24,getCstDate
FN:30,toCstDisplay
FN:39,isPastNoonCst
FN:51,untilNoonCst
FN:63,daysHoursMinutesUntilNoonCst
FNF:6
FNH:4
FNDA:12,getCstParts
FNDA:12,getCstDate
FNDA:74,toCstDisplay
FNDA:12,isPastNoonCst
FNDA:0,untilNoonCst
FNDA:0,daysHoursMinutesUntilNoonCst
DA:1,2
DA:4,12
DA:14,12
DA:15,12
DA:16,12
DA:17,132
DA:18,72
DA:21,12
DA:25,12
DA:26,12
DA:27,12
DA:31,74
DA:32,74
DA:36,74
DA:40,12
DA:41,12
DA:42,12
DA:43,12
DA:44,12
DA:45,12
DA:46,12
DA:47,12
DA:48,12
DA:52,0
DA:53,0
DA:54,0
DA:55,0
DA:56,0
DA:57,0
DA:58,0
DA:60,0
DA:64,0
DA:65,0
DA:66,0
DA:67,0
DA:68,0
DA:69,0
DA:70,0
LF:38
LH:23
BRDA:17,0,0,72
BRDA:17,0,1,60
BRDA:24,1,0,12
BRDA:30,2,0,74
BRDA:39,3,0,12
BRDA:48,4,0,12
BRDA:48,4,1,12
BRDA:51,5,0,0
BRDA:57,6,0,0
BRDA:57,6,1,0
BRDA:63,7,0,0
BRDA:65,8,0,0
BRDA:65,8,1,0
BRF:13
BRH:7
end_of_record
TN:
SF:src/utils/weather.ts
FN:1,mapWeatherFromEspn
FN:24,toWeatherIconClass
FNF:2
FNH:0
FNDA:0,mapWeatherFromEspn
FNDA:0,toWeatherIconClass
DA:2,0
DA:3,0
DA:4,0
DA:5,0
DA:7,0
DA:9,0
DA:10,0
DA:11,0
DA:12,0
DA:13,0
DA:14,0
DA:15,0
DA:16,0
DA:17,0
DA:18,0
DA:19,0
DA:20,0
DA:21,0
DA:25,0
DA:27,0
DA:29,0
DA:31,0
DA:33,0
DA:35,0
DA:37,0
DA:39,0
DA:41,0
DA:43,0
DA:45,0
DA:47,0
DA:49,0
LF:31
LH:0
BRDA:2,0,0,0
BRDA:2,0,1,0
BRDA:4,1,0,0
BRDA:4,1,1,0
BRDA:4,2,0,0
BRDA:4,2,1,0
BRDA:9,3,0,0
BRDA:9,3,1,0
BRDA:9,4,0,0
BRDA:9,4,1,0
BRDA:10,5,0,0
BRDA:10,5,1,0
BRDA:10,6,0,0
BRDA:10,6,1,0
BRDA:10,6,2,0
BRDA:11,7,0,0
BRDA:11,7,1,0
BRDA:12,8,0,0
BRDA:12,8,1,0
BRDA:12,9,0,0
BRDA:12,9,1,0
BRDA:12,9,2,0
BRDA:13,10,0,0
BRDA:13,10,1,0
BRDA:13,11,0,0
BRDA:13,11,1,0
BRDA:13,11,2,0
BRDA:14,12,0,0
BRDA:14,12,1,0
BRDA:14,13,0,0
BRDA:14,13,1,0
BRDA:15,14,0,0
BRDA:15,14,1,0
BRDA:15,15,0,0
BRDA:15,15,1,0
BRDA:15,15,2,0
BRDA:16,16,0,0
BRDA:16,16,1,0
BRDA:16,17,0,0
BRDA:16,17,1,0
BRDA:16,17,2,0
BRDA:17,18,0,0
BRDA:17,18,1,0
BRDA:17,19,0,0
BRDA:17,19,1,0
BRDA:18,20,0,0
BRDA:18,20,1,0
BRDA:18,21,0,0
BRDA:18,21,1,0
BRDA:19,22,0,0
BRDA:19,22,1,0
BRDA:19,23,0,0
BRDA:19,23,1,0
BRDA:20,24,0,0
BRDA:20,24,1,0
BRDA:25,25,0,0
BRDA:25,25,1,0
BRDA:25,25,2,0
BRDA:25,25,3,0
BRDA:25,25,4,0
BRDA:25,25,5,0
BRDA:25,25,6,0
BRDA:25,25,7,0
BRDA:25,25,8,0
BRDA:25,25,9,0
BRDA:25,25,10,0
BRDA:25,25,11,0
BRF:67
BRH:0
end_of_record
